<?xml version="1.0" encoding="UTF-8"?>
<!-- Generated by org.testng.reporters.JUnitReportReporter -->
<testsuite hostname="DESKTOP-E6834PL" failures="0" tests="1" name="driverFactory.AppTest" time="41.925" errors="0" timestamp="2024-01-30T11:08:50 GMT" skipped="0">
  <testcase classname="driverFactory.AppTest" name="startTest" time="41.925">
    <system-out>
      <![CDATA[No of rows are::10
Username and Password are Valid::dashboard http://webapp.qedgetech.com/dashboard.php 
Incorrect user ID or password dashboard http://webapp.qedgetech.com/login.php 
Username and Password are Valid::dashboard http://webapp.qedgetech.com/dashboard.php 
Incorrect user ID or password dashboard http://webapp.qedgetech.com/login.php 
Incorrect user ID or password dashboard http://webapp.qedgetech.com/login.php 
Incorrect user ID or password dashboard http://webapp.qedgetech.com/login.php 
Incorrect user ID or password dashboard http://webapp.qedgetech.com/login.php 
Incorrect user ID or password dashboard http://webapp.qedgetech.com/login.php 
Incorrect user ID or password dashboard http://webapp.qedgetech.com/login.php 
Incorrect user ID or password dashboard http://webapp.qedgetech.com/login.php ]]>
    </system-out>
  </testcase> <!-- startTest -->
  <system-out>
    <![CDATA[No of rows are::10
Username and Password are Valid::dashboard http://webapp.qedgetech.com/dashboard.php 
Incorrect user ID or password dashboard http://webapp.qedgetech.com/login.php 
Username and Password are Valid::dashboard http://webapp.qedgetech.com/dashboard.php 
Incorrect user ID or password dashboard http://webapp.qedgetech.com/login.php 
Incorrect user ID or password dashboard http://webapp.qedgetech.com/login.php 
Incorrect user ID or password dashboard http://webapp.qedgetech.com/login.php 
Incorrect user ID or password dashboard http://webapp.qedgetech.com/login.php 
Incorrect user ID or password dashboard http://webapp.qedgetech.com/login.php 
Incorrect user ID or password dashboard http://webapp.qedgetech.com/login.php 
Incorrect user ID or password dashboard http://webapp.qedgetech.com/login.php ]]>
  </system-out>
</testsuite> <!-- driverFactory.AppTest -->
